<?xml version="1.0" encoding="UTF-8"?>
<!-- Generated by org.testng.reporters.JUnitXMLReporter -->
<testsuite ignored="0" hostname="alexey-ThinkPad" failures="1" tests="4" name="Surefire test" time="1.049" errors="0" timestamp="2019-10-10T20:54:57 MSK">
  <testcase classname="by.htp.jd2.dao.impl.SQLCarDaoTest" name="delCar on delCar(by.htp.jd2.dao.impl.SQLCarDaoTest)" time="0.846"/>
  <testcase classname="by.htp.jd2.dao.impl.SQLCarDaoTest" name="activateCar on activateCar(by.htp.jd2.dao.impl.SQLCarDaoTest)" time="0.882"/>
  <testcase classname="by.htp.jd2.dao.impl.SQLCarDaoTest" name="addNewCar on addNewCar(by.htp.jd2.dao.impl.SQLCarDaoTest)" time="0.939"/>
  <testcase classname="by.htp.jd2.dao.impl.SQLCarDaoTest" name="getAllCars on getAllCars(by.htp.jd2.dao.impl.SQLCarDaoTest)" time="0.951">
    <failure type="java.lang.AssertionError" message="expected:&amp;lt;12&amp;gt; but was:&amp;lt;11&amp;gt;">
      <![CDATA[java.lang.AssertionError: expected:<12> but was:<11>
at org.junit.Assert.fail(Assert.java:89)
at org.junit.Assert.failNotEquals(Assert.java:835)
at org.junit.Assert.assertEquals(Assert.java:647)
at org.junit.Assert.assertEquals(Assert.java:633)
at by.htp.jd2.dao.impl.SQLCarDaoTest.getAllCars(SQLCarDaoTest.java:87)
at org.junit.runners.model.FrameworkMethod$1.runReflectiveCall(FrameworkMethod.java:59)
at org.junit.internal.runners.model.ReflectiveCallable.run(ReflectiveCallable.java:12)
at org.junit.runners.model.FrameworkMethod.invokeExplosively(FrameworkMethod.java:56)
at org.junit.internal.runners.statements.InvokeMethod.evaluate(InvokeMethod.java:17)
at org.junit.runners.ParentRunner$3.evaluate(ParentRunner.java:305)
at org.junit.runners.BlockJUnit4ClassRunner$1.evaluate(BlockJUnit4ClassRunner.java:100)
at org.junit.runners.ParentRunner.runLeaf(ParentRunner.java:365)
at org.junit.runners.BlockJUnit4ClassRunner.runChild(BlockJUnit4ClassRunner.java:103)
at org.junit.runners.BlockJUnit4ClassRunner.runChild(BlockJUnit4ClassRunner.java:63)
at org.junit.runners.ParentRunner$4.run(ParentRunner.java:330)
at org.junit.runners.ParentRunner$1.schedule(ParentRunner.java:78)
at org.junit.runners.ParentRunner.runChildren(ParentRunner.java:328)
at org.junit.runners.ParentRunner.access$100(ParentRunner.java:65)
at org.junit.runners.ParentRunner$2.evaluate(ParentRunner.java:292)
at org.junit.runners.ParentRunner$3.evaluate(ParentRunner.java:305)
at org.junit.runners.ParentRunner.run(ParentRunner.java:412)
at org.junit.runner.JUnitCore.run(JUnitCore.java:137)
at org.junit.runner.JUnitCore.run(JUnitCore.java:115)
at java.base/java.util.ArrayList.forEach(ArrayList.java:1540)
... Removed 28 stack frames]]>
    </failure>
  </testcase> <!-- getAllCars on getAllCars(by.htp.jd2.dao.impl.SQLCarDaoTest) -->
</testsuite> <!-- Surefire test -->
