<?xml version="1.0" encoding="UTF-8"?>
<testsuite xmlns:xsi="http://www.w3.org/2001/XMLSchema-instance" xsi:noNamespaceSchemaLocation="https://maven.apache.org/surefire/maven-surefire-plugin/xsd/surefire-test-report.xsd" name="by.htp.jd2.dao.impl.SQLCarDaoTest" time="1.306" tests="1" errors="0" skipped="0" failures="0">
  <properties>
[...]
</properties>
  <testcase name="delCar on delCar(by.htp.jd2.dao.impl.SQLCarDaoTest)" classname="by.htp.jd2.dao.impl.SQLCarDaoTest" time="0.945"/>
</testsuite>