<?xml version="1.0" encoding="UTF-8"?>
<testng-results ignored="0" total="4" passed="3" failed="1" skipped="0">
  <reporter-output>
  </reporter-output>
  <suite started-at="2019-10-10T20:54:56 MSK" name="Surefire suite" finished-at="2019-10-10T20:54:57 MSK" duration-ms="1049">
    <groups>
    </groups>
    <test started-at="2019-10-10T20:54:56 MSK" name="Surefire test" finished-at="2019-10-10T20:54:57 MSK" duration-ms="1049">
      <class name="by.htp.jd2.dao.impl.SQLCarDaoTest">
        <test-method signature="delCar() throws by.htp.jd2.dao.DaoException" started-at="2019-10-10T20:54:56 MSK" name="delCar" finished-at="2019-10-10T20:54:57 MSK" duration-ms="846" status="PASS">
          <reporter-output>
          </reporter-output>
        </test-method> <!-- delCar -->
        <test-method signature="addNewCar() throws by.htp.jd2.dao.DaoException" started-at="2019-10-10T20:54:56 MSK" name="addNewCar" finished-at="2019-10-10T20:54:57 MSK" duration-ms="939" status="PASS">
          <reporter-output>
          </reporter-output>
        </test-method> <!-- addNewCar -->
        <test-method signature="activateCar() throws by.htp.jd2.dao.DaoException" started-at="2019-10-10T20:54:56 MSK" name="activateCar" finished-at="2019-10-10T20:54:57 MSK" duration-ms="882" status="PASS">
          <reporter-output>
          </reporter-output>
        </test-method> <!-- activateCar -->
        <test-method signature="getAllCars() throws by.htp.jd2.dao.DaoException" started-at="2019-10-10T20:54:56 MSK" name="getAllCars" finished-at="2019-10-10T20:54:57 MSK" duration-ms="951" status="FAIL">
          <exception class="java.lang.AssertionError">
            <message>
              <![CDATA[expected:<12> but was:<11>]]>
            </message>
            <full-stacktrace>
              <![CDATA[java.lang.AssertionError: expected:<12> but was:<11>
at org.junit.Assert.fail(Assert.java:89)
at org.junit.Assert.failNotEquals(Assert.java:835)
at org.junit.Assert.assertEquals(Assert.java:647)
at org.junit.Assert.assertEquals(Assert.java:633)
at by.htp.jd2.dao.impl.SQLCarDaoTest.getAllCars(SQLCarDaoTest.java:87)
at java.base/jdk.internal.reflect.NativeMethodAccessorImpl.invoke0(Native Method)
at java.base/jdk.internal.reflect.NativeMethodAccessorImpl.invoke(NativeMethodAccessorImpl.java:62)
at java.base/jdk.internal.reflect.DelegatingMethodAccessorImpl.invoke(DelegatingMethodAccessorImpl.java:43)
at java.base/java.lang.reflect.Method.invoke(Method.java:566)
at org.junit.runners.model.FrameworkMethod$1.runReflectiveCall(FrameworkMethod.java:59)
at org.junit.internal.runners.model.ReflectiveCallable.run(ReflectiveCallable.java:12)
at org.junit.runners.model.FrameworkMethod.invokeExplosively(FrameworkMethod.java:56)
at org.junit.internal.runners.statements.InvokeMethod.evaluate(InvokeMethod.java:17)
at org.junit.runners.ParentRunner$3.evaluate(ParentRunner.java:305)
at org.junit.runners.BlockJUnit4ClassRunner$1.evaluate(BlockJUnit4ClassRunner.java:100)
at org.junit.runners.ParentRunner.runLeaf(ParentRunner.java:365)
at org.junit.runners.BlockJUnit4ClassRunner.runChild(BlockJUnit4ClassRunner.java:103)
at org.junit.runners.BlockJUnit4ClassRunner.runChild(BlockJUnit4ClassRunner.java:63)
at org.junit.runners.ParentRunner$4.run(ParentRunner.java:330)
at org.junit.runners.ParentRunner$1.schedule(ParentRunner.java:78)
at org.junit.runners.ParentRunner.runChildren(ParentRunner.java:328)
at org.junit.runners.ParentRunner.access$100(ParentRunner.java:65)
at org.junit.runners.ParentRunner$2.evaluate(ParentRunner.java:292)
at org.junit.runners.ParentRunner$3.evaluate(ParentRunner.java:305)
at org.junit.runners.ParentRunner.run(ParentRunner.java:412)
at org.junit.runner.JUnitCore.run(JUnitCore.java:137)
at org.junit.runner.JUnitCore.run(JUnitCore.java:115)
at org.testng.junit.JUnit4TestRunner.start(JUnit4TestRunner.java:74)
at org.testng.junit.JUnit4TestRunner.run(JUnit4TestRunner.java:65)
at org.testng.TestRunner$1.run(TestRunner.java:656)
at java.base/java.util.ArrayList.forEach(ArrayList.java:1540)
at org.testng.TestRunner.runJUnitWorkers(TestRunner.java:847)
at org.testng.TestRunner.privateRunJUnit(TestRunner.java:685)
at org.testng.TestRunner.run(TestRunner.java:589)
at org.testng.SuiteRunner.runTest(SuiteRunner.java:402)
at org.testng.SuiteRunner.runSequentially(SuiteRunner.java:396)
at org.testng.SuiteRunner.privateRun(SuiteRunner.java:355)
at org.testng.SuiteRunner.run(SuiteRunner.java:304)
at org.testng.SuiteRunnerWorker.runSuite(SuiteRunnerWorker.java:53)
at org.testng.SuiteRunnerWorker.run(SuiteRunnerWorker.java:96)
at org.testng.TestNG.runSuitesSequentially(TestNG.java:1180)
at org.testng.TestNG.runSuitesLocally(TestNG.java:1102)
at org.testng.TestNG.runSuites(TestNG.java:1032)
at org.testng.TestNG.run(TestNG.java:1000)
at org.apache.maven.surefire.testng.TestNGExecutor.run(TestNGExecutor.java:135)
at org.apache.maven.surefire.testng.TestNGDirectoryTestSuite.executeSingleClass(TestNGDirectoryTestSuite.java:112)
at org.apache.maven.surefire.testng.TestNGDirectoryTestSuite.execute(TestNGDirectoryTestSuite.java:99)
at org.apache.maven.surefire.testng.TestNGProvider.invoke(TestNGProvider.java:146)
at org.apache.maven.surefire.booter.ForkedBooter.invokeProviderInSameClassLoader(ForkedBooter.java:384)
at org.apache.maven.surefire.booter.ForkedBooter.runSuitesInProcess(ForkedBooter.java:345)
at org.apache.maven.surefire.booter.ForkedBooter.execute(ForkedBooter.java:126)
at org.apache.maven.surefire.booter.ForkedBooter.main(ForkedBooter.java:418)
]]>
            </full-stacktrace>
          </exception> <!-- java.lang.AssertionError -->
          <reporter-output>
          </reporter-output>
        </test-method> <!-- getAllCars -->
      </class> <!-- by.htp.jd2.dao.impl.SQLCarDaoTest -->
    </test> <!-- Surefire test -->
  </suite> <!-- Surefire suite -->
</testng-results>
