<?xml version="1.0" encoding="UTF-8"?>
<testsuite xmlns:xsi="http://www.w3.org/2001/XMLSchema-instance" xsi:noNamespaceSchemaLocation="https://maven.apache.org/surefire/maven-surefire-plugin/xsd/surefire-test-report.xsd" name="by.htp.jd2.dao.impl.SQLCarDaoTest" time="1.366" tests="4" errors="0" skipped="0" failures="1">
  <properties>
[...]
</properties>
  <testcase name="delCar on delCar(by.htp.jd2.dao.impl.SQLCarDaoTest)" classname="by.htp.jd2.dao.impl.SQLCarDaoTest" time="0.86"/>
  <testcase name="activateCar on activateCar(by.htp.jd2.dao.impl.SQLCarDaoTest)" classname="by.htp.jd2.dao.impl.SQLCarDaoTest" time="0.009"/>
  <testcase name="addNewCar on addNewCar(by.htp.jd2.dao.impl.SQLCarDaoTest)" classname="by.htp.jd2.dao.impl.SQLCarDaoTest" time="0.056"/>
  <testcase name="getAllCars on getAllCars(by.htp.jd2.dao.impl.SQLCarDaoTest)" classname="by.htp.jd2.dao.impl.SQLCarDaoTest" time="0.019">
    <failure message="expected:&lt;12&gt; but was:&lt;11&gt;" type="java.lang.AssertionError"><![CDATA[java.lang.AssertionError: expected:<12> but was:<11>
	at by.htp.jd2.dao.impl.SQLCarDaoTest.getAllCars(SQLCarDaoTest.java:87)
]]></failure>
  </testcase>
</testsuite>